<?xml version="1.0" encoding="UTF-8"?>
<!-- Generated by org.testng.reporters.JUnitReportReporter -->
<testsuite hostname="LAPTOP-DJARKLO9" failures="0" tests="1" name="com.pabb.staarcms.commercetest.CreateSalesOrderAndValidateTest" time="13.044" errors="0" timestamp="2024-09-23T15:34:50 IST" skipped="0">
  <testcase classname="com.pabb.staarcms.commercetest.CreateSalesOrderAndValidateTest" name="createSalesOrderAndValidate" time="13.044"/>
  <system-out/>
</testsuite> <!-- com.pabb.staarcms.commercetest.CreateSalesOrderAndValidateTest -->
