<?xml version="1.0" encoding="UTF-8"?>
<!-- Generated by org.testng.reporters.JUnitReportReporter -->
<testsuite hostname="LAPTOP-DJARKLO9" failures="0" tests="1" name="com.pabb.staarcms.thirdpartytest.ListOfThirdPartiesTest" time="2.532" errors="0" timestamp="2024-09-23T17:15:49 IST" skipped="0">
  <testcase classname="com.pabb.staarcms.thirdpartytest.ListOfThirdPartiesTest" name="listOfAllThirdPartiesSmokeTest" time="2.532"/>
  <system-out/>
</testsuite> <!-- com.pabb.staarcms.thirdpartytest.ListOfThirdPartiesTest -->
