<?xml version="1.0" encoding="UTF-8"?>
<!-- Generated by org.testng.reporters.JUnitReportReporter -->
<testsuite hostname="LAPTOP-DJARKLO9" failures="0" tests="1" name="com.pabb.staarcms.thirdpartytest.LoginTest" time="1.771" errors="0" timestamp="2024-09-18T16:24:32 IST" skipped="0">
  <testcase classname="com.pabb.staarcms.thirdpartytest.LoginTest" name="loginTest" time="1.771"/>
  <system-out/>
</testsuite> <!-- com.pabb.staarcms.thirdpartytest.LoginTest -->
