<?xml version="1.0" encoding="UTF-8"?>
<!-- Generated by org.testng.reporters.JUnitReportReporter -->
<testsuite hostname="LAPTOP-DJARKLO9" failures="0" tests="1" name="com.pabb.staarcms.thirdpartytest.CreateThirdPartyAsCustomerSmokeTest" time="5.165" errors="0" timestamp="2024-09-23T15:34:50 IST" skipped="0">
  <testcase classname="com.pabb.staarcms.thirdpartytest.CreateThirdPartyAsCustomerSmokeTest" name="createThirdPartyWithMandatoryFieldsTest" time="5.165"/>
  <system-out/>
</testsuite> <!-- com.pabb.staarcms.thirdpartytest.CreateThirdPartyAsCustomerSmokeTest -->
